****************************************
Report : Averaged Power
	-cell_power
	-verbose
	-sort_by cell_internal_power
Design : conv
Version: V-2023.12-SP5-4
Date   : Mon May  4 12:23:27 2026
****************************************

Library(s) Used:

    saed32rvt_tt0p78v25c (File: /usr/local/synopsys/pdk/SAED32_EDK/lib/stdcell_rvt/db_nldm/saed32rvt_tt0p78v25c.db)


Operating Conditions: tt0p78v25c   Library: saed32rvt_tt0p78v25c
Wire Load Model Mode: enclosed

Cell               Design       Wire_model  Library       Selection_type
--------------------------------------------------------------------------------
                   conv         8000        saed32rvt_tt0p78v25c
                                                          automatic-by-area
DP_OP_45_122_6965  conv_DP_OP_45_122_6965_0
                                ForQA       saed32rvt_tt0p78v25c
                                                          automatic-by-area
rem_5_u_div_DP_OP_11_123_3123
                   conv_DP_OP_11_123_3123_0
                                8000        saed32rvt_tt0p78v25c
                                                          automatic-by-area
add_x_1            conv_DW01_inc_2
                                ForQA       saed32rvt_tt0p78v25c
                                                          automatic-by-area

Power-specific unit information :
    Voltage Units = 1 V
    Capacitance Units = 0.001 pf
    Time Units = 1 ns
    Dynamic Power Units = 1 W
    Leakage Power Units = 1 W



  Attributes
  ----------
      a  -  Annotated internal | leakage | switching power 
      b  -  Black-box (unresolved) cell
      c  -  Clock pin internal power only
      d  -  Does not include clock pin internal power
      h  -  Hierarchical cell

                        Internal  Switching Leakage   Total
Cell                    Power     Power     Power     Power    (     %)   Attrs
--------------------------------------------------------------------------------
rem_5_u_div_DP_OP_11_123_3123
                        4.643e-05 1.428e-05 2.597e-05 8.668e-05 (50.54%)  h
DP_OP_45_122_6965       1.414e-06 3.066e-07 1.589e-06 3.309e-06 ( 1.93%)  h
add_x_1                 4.655e-07 4.180e-07 1.008e-06 1.891e-06 ( 1.10%)  h
q_reg_2_7               3.183e-07 1.433e-08 1.396e-07 4.722e-07 ( 0.28%)  
q_reg_1_1               3.179e-07 1.358e-08 1.396e-07 4.711e-07 ( 0.27%)  
q_reg_2_1               3.163e-07 1.503e-08 1.396e-07 4.709e-07 ( 0.27%)  
q_reg_2_6               3.151e-07 1.454e-08 1.396e-07 4.691e-07 ( 0.27%)  
q_reg_3_7               3.137e-07 1.439e-08 1.396e-07 4.676e-07 ( 0.27%)  
q_reg_3_1               3.016e-07 1.436e-08 1.396e-07 4.555e-07 ( 0.27%)  
q_reg_3_6               3.011e-07 1.510e-08 1.396e-07 4.557e-07 ( 0.27%)  
q_reg_4_7               2.994e-07 1.456e-08 1.396e-07 4.535e-07 ( 0.26%)  
q_reg_0_2               2.964e-07 5.513e-09 1.396e-07 4.415e-07 ( 0.26%)  
q_reg_5_7               2.949e-07 1.177e-08 1.396e-07 4.462e-07 ( 0.26%)  
q_reg_1_2               2.944e-07 5.624e-09 1.396e-07 4.396e-07 ( 0.26%)  
q_reg_4_6               2.943e-07 1.393e-08 1.396e-07 4.478e-07 ( 0.26%)  
q_reg_2_2               2.933e-07 5.446e-09 1.396e-07 4.383e-07 ( 0.26%)  
q_reg_4_1               2.923e-07 1.225e-08 1.396e-07 4.441e-07 ( 0.26%)  
q_reg_1_8               2.907e-07 4.374e-09 1.396e-07 4.346e-07 ( 0.25%)  
q_reg_6_7               2.892e-07 9.046e-09 1.396e-07 4.378e-07 ( 0.26%)  
q_reg_5_1               2.887e-07 8.406e-09 1.396e-07 4.367e-07 ( 0.25%)  
q_reg_5_6               2.884e-07 1.143e-08 1.396e-07 4.394e-07 ( 0.26%)  
q_reg_10_2              2.880e-07    0.0000 1.396e-07 4.275e-07 ( 0.25%)  
q_reg_6_6               2.876e-07 8.141e-09 1.396e-07 4.353e-07 ( 0.25%)  
q_reg_0_6               2.862e-07 4.290e-09 1.396e-07 4.301e-07 ( 0.25%)  
hr_1_reg_0_1            2.860e-07 3.096e-09 1.396e-07 4.286e-07 ( 0.25%)  
q_reg_0_8               2.858e-07 4.399e-09 1.396e-07 4.297e-07 ( 0.25%)  
q_reg_7_7               2.856e-07 5.191e-09 1.396e-07 4.304e-07 ( 0.25%)  
hr_1_reg_0_             2.855e-07 3.143e-09 1.396e-07 4.282e-07 ( 0.25%)  
hr_3_reg_0_             2.855e-07 3.303e-09 1.396e-07 4.284e-07 ( 0.25%)  
q_reg_7_6               2.855e-07 4.927e-09 1.396e-07 4.300e-07 ( 0.25%)  
hr_4_reg_0_             2.853e-07 3.096e-09 1.396e-07 4.279e-07 ( 0.25%)  
q_reg_6_1               2.849e-07 5.956e-09 1.396e-07 4.304e-07 ( 0.25%)  
hr_3_reg_0_1            2.849e-07 3.391e-09 1.396e-07 4.278e-07 ( 0.25%)  
hr_0_reg_0_             2.849e-07 3.155e-09 1.396e-07 4.276e-07 ( 0.25%)  
hr_4_reg_0_1            2.843e-07 3.193e-09 1.396e-07 4.271e-07 ( 0.25%)  
hr_2_reg_0_             2.840e-07 3.215e-09 1.396e-07 4.268e-07 ( 0.25%)  
q_reg_8_6               2.836e-07 2.143e-09 1.396e-07 4.253e-07 ( 0.25%)  
q_reg_2_8               2.835e-07 4.517e-09 1.396e-07 4.276e-07 ( 0.25%)  
hr_2_reg_0_1            2.835e-07 3.281e-09 1.396e-07 4.263e-07 ( 0.25%)  
q_reg_9_7               2.833e-07 8.269e-10 1.396e-07 4.237e-07 ( 0.25%)  
q_reg_4_                2.833e-07 7.237e-09 1.396e-07 4.301e-07 ( 0.25%)  
hr_10_reg_1_            2.833e-07    0.0000 1.396e-07 4.228e-07 ( 0.25%)  
hr_10_reg_1_1           2.833e-07 7.518e-12 1.396e-07 4.228e-07 ( 0.25%)  
q_reg_10_3              2.833e-07 4.456e-12 1.396e-07 4.228e-07 ( 0.25%)  
q_reg_10_4              2.833e-07 4.456e-12 1.396e-07 4.228e-07 ( 0.25%)  
q_reg_10_5              2.833e-07 5.557e-12 1.396e-07 4.228e-07 ( 0.25%)  
q_reg_11_6              2.833e-07 1.504e-11 1.396e-07 4.228e-07 ( 0.25%)  
q_reg_12_7              2.833e-07 1.504e-11 1.396e-07 4.228e-07 ( 0.25%)  
q_reg_7_                2.831e-07 2.672e-09 1.396e-07 4.254e-07 ( 0.25%)  
q_reg_9_6               2.829e-07 2.556e-10 1.396e-07 4.227e-07 ( 0.25%)  
q_reg_6_                2.829e-07 3.451e-09 1.396e-07 4.259e-07 ( 0.25%)  
q_reg_2_                2.828e-07 1.364e-08 1.396e-07 4.360e-07 ( 0.25%)  
q_reg_7_1               2.828e-07 3.785e-09 1.396e-07 4.261e-07 ( 0.25%)  
q_reg_5_                2.827e-07 4.509e-09 1.396e-07 4.268e-07 ( 0.25%)  
hr_10_reg_0_1           2.827e-07    0.0000 1.396e-07 4.222e-07 ( 0.25%)  
hr_10_reg_0_            2.826e-07    0.0000 1.396e-07 4.222e-07 ( 0.25%)  
q_reg_10_7              2.825e-07 7.969e-10 1.396e-07 4.228e-07 ( 0.25%)  
q_reg_3_2               2.824e-07 5.846e-09 1.396e-07 4.278e-07 ( 0.25%)  
q_reg_9_1               2.824e-07 6.014e-10 1.396e-07 4.225e-07 ( 0.25%)  
q_reg_8_7               2.824e-07 1.270e-09 1.396e-07 4.232e-07 ( 0.25%)  
q_reg_3_                2.820e-07 9.352e-09 1.396e-07 4.309e-07 ( 0.25%)  
hr_9_reg_0_             2.819e-07 6.744e-10 1.396e-07 4.222e-07 ( 0.25%)  
q_reg_8_1               2.819e-07 6.616e-10 1.396e-07 4.221e-07 ( 0.25%)  
hr_7_reg_1_1            2.816e-07 4.022e-09 1.396e-07 4.252e-07 ( 0.25%)  
q_reg_9_2               2.814e-07 8.002e-10 1.396e-07 4.217e-07 ( 0.25%)  
hr_9_reg_1_1            2.811e-07 1.090e-09 1.396e-07 4.217e-07 ( 0.25%)  
hr_9_reg_0_1            2.810e-07 7.721e-10 1.396e-07 4.213e-07 ( 0.25%)  
hr_0_reg_0_1            2.809e-07 2.325e-09 1.396e-07 4.227e-07 ( 0.25%)  
hr_5_reg_0_1            2.805e-07 2.574e-09 1.396e-07 4.226e-07 ( 0.25%)  
hr_5_reg_0_             2.804e-07 2.574e-09 1.396e-07 4.225e-07 ( 0.25%)  
q_reg_8_2               2.802e-07 1.111e-09 1.396e-07 4.209e-07 ( 0.25%)  
q_reg_9_8               2.801e-07 4.944e-10 1.396e-07 4.201e-07 ( 0.24%)  
q_reg_9_4               2.801e-07 6.461e-10 1.396e-07 4.203e-07 ( 0.25%)  
hr_6_reg_0_             2.800e-07 2.011e-09 1.396e-07 4.216e-07 ( 0.25%)  
hr_8_reg_1_1            2.799e-07 1.511e-09 1.396e-07 4.209e-07 ( 0.25%)  
hr_8_reg_0_             2.797e-07 9.794e-10 1.396e-07 4.203e-07 ( 0.25%)  
q_reg_9_5               2.797e-07 8.058e-10 1.396e-07 4.201e-07 ( 0.24%)  
hr_8_reg_0_1            2.795e-07 1.006e-09 1.396e-07 4.200e-07 ( 0.24%)  
q_reg_8_5               2.794e-07 1.117e-09 1.396e-07 4.201e-07 ( 0.24%)  
q_reg_8_4               2.792e-07 8.957e-10 1.396e-07 4.197e-07 ( 0.24%)  
hr_7_reg_0_1            2.792e-07 1.354e-09 1.396e-07 4.201e-07 ( 0.24%)  
hr_7_reg_0_             2.791e-07 1.354e-09 1.396e-07 4.200e-07 ( 0.24%)  
q_reg_9_3               2.790e-07 6.461e-10 1.396e-07 4.192e-07 ( 0.24%)  
hr_6_reg_1_1            2.790e-07 7.028e-09 1.396e-07 4.256e-07 ( 0.25%)  
hr_6_reg_0_1            2.790e-07 2.138e-09 1.396e-07 4.207e-07 ( 0.25%)  
q_reg_8_8               2.788e-07 8.631e-10 1.396e-07 4.192e-07 ( 0.24%)  
hr_9_reg_1_             2.788e-07 6.417e-10 1.396e-07 4.190e-07 ( 0.24%)  
q_reg_8_3               2.783e-07 8.957e-10 1.396e-07 4.187e-07 ( 0.24%)  
q_reg_7_2               2.782e-07 1.600e-09 1.396e-07 4.193e-07 ( 0.24%)  
hr_8_reg_1_             2.773e-07 8.912e-10 1.396e-07 4.177e-07 ( 0.24%)  
q_reg_7_5               2.773e-07 1.606e-09 1.396e-07 4.185e-07 ( 0.24%)  
q_reg_7_3               2.761e-07 1.288e-09 1.396e-07 4.169e-07 ( 0.24%)  
q_reg_6_2               2.759e-07 2.801e-09 1.396e-07 4.182e-07 ( 0.24%)  
hr_5_reg_1_1            2.756e-07 9.477e-09 1.396e-07 4.247e-07 ( 0.25%)  
q_reg_5_2               2.754e-07 3.779e-09 1.396e-07 4.187e-07 ( 0.24%)  
q_reg_3_8               2.753e-07 4.500e-09 1.396e-07 4.193e-07 ( 0.24%)  
q_reg_7_4               2.752e-07 1.288e-09 1.396e-07 4.160e-07 ( 0.24%)  
q_reg_4_2               2.748e-07 5.468e-09 1.396e-07 4.199e-07 ( 0.24%)  
hr_7_reg_1_             2.743e-07 1.283e-09 1.396e-07 4.152e-07 ( 0.24%)  
q_reg_7_8               2.735e-07 1.747e-09 1.396e-07 4.148e-07 ( 0.24%)  
q_reg_6_5               2.718e-07 2.806e-09 1.396e-07 4.142e-07 ( 0.24%)  
q_reg_4_8               2.717e-07 4.248e-09 1.396e-07 4.155e-07 ( 0.24%)  
hr_2_reg_1_1            2.697e-07 1.365e-08 1.396e-07 4.229e-07 ( 0.25%)  
q_reg_6_4               2.693e-07 2.250e-09 1.396e-07 4.111e-07 ( 0.24%)  
q_reg_6_3               2.693e-07 2.250e-09 1.396e-07 4.111e-07 ( 0.24%)  
q_reg_1_                2.692e-07 7.999e-09 1.396e-07 4.167e-07 ( 0.24%)  
q_reg_5_5               2.691e-07 3.784e-09 1.396e-07 4.125e-07 ( 0.24%)  
hr_4_reg_1_1            2.690e-07 1.371e-08 1.396e-07 4.222e-07 ( 0.25%)  
q_reg_0_1               2.689e-07 7.367e-09 1.396e-07 4.158e-07 ( 0.24%)  
q_reg_6_8               2.685e-07 2.874e-09 1.396e-07 4.110e-07 ( 0.24%)  
hr_3_reg_1_1            2.679e-07 1.465e-08 1.396e-07 4.221e-07 ( 0.25%)  
hr_1_reg_1_1            2.674e-07 1.410e-08 1.396e-07 4.211e-07 ( 0.25%)  
q_reg_5_8               2.667e-07 3.729e-09 1.396e-07 4.100e-07 ( 0.24%)  
q_reg_5_3               2.660e-07 3.035e-09 1.396e-07 4.086e-07 ( 0.24%)  
q_reg_5_4               2.656e-07 3.035e-09 1.396e-07 4.082e-07 ( 0.24%)  
hr_6_reg_1_             2.655e-07 2.246e-09 1.396e-07 4.073e-07 ( 0.24%)  
q_reg_4_5               2.619e-07 5.474e-09 1.396e-07 4.069e-07 ( 0.24%)  
q_reg_0_5               2.618e-07 5.518e-09 1.396e-07 4.069e-07 ( 0.24%)  
q_reg_1_5               2.616e-07 5.629e-09 1.396e-07 4.067e-07 ( 0.24%)  
q_reg_3_5               2.613e-07 5.852e-09 1.396e-07 4.068e-07 ( 0.24%)  
q_reg_2_5               2.613e-07 5.452e-09 1.396e-07 4.063e-07 ( 0.24%)  
hr_5_reg_1_             2.584e-07 3.030e-09 1.396e-07 4.010e-07 ( 0.23%)  
q_reg_0_3               2.583e-07 4.425e-09 1.396e-07 4.023e-07 ( 0.23%)  
q_reg_0_4               2.583e-07 4.425e-09 1.396e-07 4.023e-07 ( 0.23%)  
q_reg_4_3               2.582e-07 4.389e-09 1.396e-07 4.021e-07 ( 0.23%)  
q_reg_2_4               2.579e-07 4.372e-09 1.396e-07 4.018e-07 ( 0.23%)  
q_reg_4_4               2.574e-07 4.389e-09 1.396e-07 4.014e-07 ( 0.23%)  
q_reg_2_3               2.571e-07 4.372e-09 1.396e-07 4.011e-07 ( 0.23%)  
q_reg_1_3               2.569e-07 4.514e-09 1.396e-07 4.010e-07 ( 0.23%)  
q_reg_1_4               2.566e-07 4.514e-09 1.396e-07 4.007e-07 ( 0.23%)  
q_reg_0_                2.566e-07 4.106e-09 1.396e-07 4.003e-07 ( 0.23%)  
q_reg_3_3               2.565e-07 4.692e-09 1.396e-07 4.008e-07 ( 0.23%)  
q_reg_3_4               2.563e-07 4.692e-09 1.396e-07 4.006e-07 ( 0.23%)  
hr_2_reg_1_             2.444e-07 4.367e-09 1.396e-07 3.883e-07 ( 0.23%)  
hr_4_reg_1_             2.435e-07 4.385e-09 1.396e-07 3.874e-07 ( 0.23%)  
hr_0_reg_1_             2.433e-07 4.421e-09 1.396e-07 3.873e-07 ( 0.23%)  
hr_1_reg_1_             2.421e-07 4.510e-09 1.396e-07 3.861e-07 ( 0.23%)  
hr_3_reg_1_             2.407e-07 4.688e-09 1.396e-07 3.849e-07 ( 0.22%)  
counter_reg_0_          2.402e-07 2.687e-08 1.638e-07 4.309e-07 ( 0.25%)  
counter_reg_1_          2.369e-07 1.188e-08 1.638e-07 4.126e-07 ( 0.24%)  
q_reg_1_7               2.261e-07 1.443e-08 1.639e-07 4.044e-07 ( 0.24%)  
counter_reg_2_          2.189e-07 6.733e-09 1.638e-07 3.895e-07 ( 0.23%)  
q_reg_1_6               2.132e-07 7.495e-09 1.639e-07 3.846e-07 ( 0.22%)  
counter_reg_3_          1.993e-07 2.046e-09 1.638e-07 3.652e-07 ( 0.21%)  
q_reg_0_7               1.988e-07 7.698e-09 1.638e-07 3.703e-07 ( 0.22%)  
counter_reg_4_          1.928e-07 1.647e-09 1.638e-07 3.583e-07 ( 0.21%)  
hr_0_reg_1_1            1.922e-07 7.465e-09 1.639e-07 3.636e-07 ( 0.21%)  
counter_reg_5_          1.871e-07 5.114e-10 1.639e-07 3.515e-07 ( 0.20%)  
counter_reg_6_          1.846e-07 2.684e-10 1.639e-07 3.488e-07 ( 0.20%)  
counter_reg_7_          1.830e-07 1.240e-10 1.639e-07 3.471e-07 ( 0.20%)  
counter_reg_8_          1.829e-07 3.442e-11 1.639e-07 3.469e-07 ( 0.20%)  
q_reg_10_8              1.827e-07 3.436e-10 1.509e-07 3.340e-07 ( 0.19%)  
q_reg_10_6              1.826e-07 1.955e-10 1.506e-07 3.334e-07 ( 0.19%)  
q_reg_11_7              1.822e-07 1.504e-11 1.488e-07 3.310e-07 ( 0.19%)  
q_reg_11_8              1.822e-07 8.380e-12 1.488e-07 3.310e-07 ( 0.19%)  
q_reg_12_8              1.822e-07 8.380e-12 1.488e-07 3.310e-07 ( 0.19%)  
q_reg_13_8              1.822e-07 8.380e-12 1.488e-07 3.310e-07 ( 0.19%)  
temp_reg                1.818e-07 3.490e-12 1.663e-07 3.481e-07 ( 0.20%)  
U156                    1.683e-07 9.715e-08 1.101e-07 3.755e-07 ( 0.22%)  
add_x_10_U14            1.267e-07 2.690e-08 7.610e-08 2.297e-07 ( 0.13%)  
add_x_8_U14             1.247e-07 2.568e-08 7.532e-08 2.257e-07 ( 0.13%)  
add_x_9_U14             1.237e-07 2.621e-08 7.549e-08 2.254e-07 ( 0.13%)  
add_x_10_U13            1.221e-07 2.479e-08 7.596e-08 2.228e-07 ( 0.13%)  
add_x_9_U13             1.206e-07 2.463e-08 7.641e-08 2.217e-07 ( 0.13%)  
add_x_8_U13             1.187e-07 2.416e-08 7.600e-08 2.189e-07 ( 0.13%)  
add_x_10_U12            1.143e-07 2.297e-08 7.571e-08 2.130e-07 ( 0.12%)  
add_x_10_U15            1.134e-07 2.512e-08 7.565e-08 2.142e-07 ( 0.12%)  
add_x_9_U12             1.116e-07 2.230e-08 7.605e-08 2.100e-07 ( 0.12%)  
add_x_9_U15             1.098e-07 2.434e-08 7.401e-08 2.082e-07 ( 0.12%)  
add_x_8_U15             1.069e-07 2.373e-08 7.538e-08 2.060e-07 ( 0.12%)  
add_x_8_U12             1.062e-07 2.133e-08 7.562e-08 2.032e-07 ( 0.12%)  
U489                    1.022e-07 1.070e-07 3.164e-08 2.409e-07 ( 0.14%)  
add_x_10_U11            9.516e-08 1.849e-08 7.542e-08 1.891e-07 ( 0.11%)  
add_x_9_U11             8.855e-08 1.707e-08 7.550e-08 1.811e-07 ( 0.11%)  
add_x_8_U11             8.415e-08 1.649e-08 7.532e-08 1.760e-07 ( 0.10%)  
add_x_10_U10            7.611e-08 1.447e-08 7.344e-08 1.640e-07 ( 0.10%)  
add_x_10_U16            7.100e-08 1.917e-08 7.603e-08 1.662e-07 ( 0.10%)  
add_x_9_U16             6.884e-08 1.822e-08 7.605e-08 1.631e-07 ( 0.10%)  
U280                    6.869e-08 2.397e-08 3.382e-08 1.265e-07 ( 0.07%)  
add_x_8_U16             6.771e-08 1.772e-08 7.607e-08 1.615e-07 ( 0.09%)  
add_x_9_U10             6.704e-08 1.235e-08 7.370e-08 1.531e-07 ( 0.09%)  
add_x_8_U10             6.408e-08 1.189e-08 7.370e-08 1.497e-07 ( 0.09%)  
U495                    6.073e-08 2.498e-08 4.823e-08 1.339e-07 ( 0.08%)  
add_x_10_U9             5.247e-08 7.799e-09 7.963e-08 1.399e-07 ( 0.08%)  
U562                    4.912e-08 1.016e-08 3.499e-08 9.426e-08 ( 0.05%)  
add_x_9_U9              4.508e-08 7.196e-09 7.845e-08 1.307e-07 ( 0.08%)  
add_x_8_U9              4.379e-08 6.431e-09 7.953e-08 1.298e-07 ( 0.08%)  
U564                    4.269e-08 7.176e-09 2.847e-08 7.833e-08 ( 0.05%)  
U490                    3.882e-08 9.764e-09 2.784e-08 7.643e-08 ( 0.04%)  
U541                    3.763e-08 1.161e-08 4.019e-08 8.943e-08 ( 0.05%)  
U533                    3.728e-08 1.151e-08 4.004e-08 8.883e-08 ( 0.05%)  
U539                    3.722e-08 1.149e-08 4.019e-08 8.889e-08 ( 0.05%)  
U543                    3.652e-08 8.205e-09 4.013e-08 8.486e-08 ( 0.05%)  
U548                    3.622e-08 1.117e-08 4.012e-08 8.751e-08 ( 0.05%)  
U556                    3.596e-08 1.111e-08 4.014e-08 8.722e-08 ( 0.05%)  
U157                    3.591e-08 4.476e-08 5.583e-08 1.365e-07 ( 0.08%)  
U534                    3.586e-08 1.108e-08 4.018e-08 8.712e-08 ( 0.05%)  
U547                    3.548e-08 1.096e-08 4.041e-08 8.685e-08 ( 0.05%)  
U550                    3.519e-08 1.085e-08 4.011e-08 8.615e-08 ( 0.05%)  
U524                    3.491e-08 1.078e-08 4.017e-08 8.586e-08 ( 0.05%)  
U532                    3.487e-08 1.076e-08 4.015e-08 8.578e-08 ( 0.05%)  
U542                    3.468e-08 7.773e-09 4.009e-08 8.254e-08 ( 0.05%)  
U552                    3.465e-08 1.068e-08 4.007e-08 8.540e-08 ( 0.05%)  
U538                    3.398e-08 1.049e-08 4.012e-08 8.459e-08 ( 0.05%)  
U284                    3.134e-08 2.542e-08 6.959e-08 1.263e-07 ( 0.07%)  
U523                    3.032e-08 9.372e-09 4.010e-08 7.980e-08 ( 0.05%)  
U529                    3.028e-08 9.356e-09 4.002e-08 7.965e-08 ( 0.05%)  
U525                    2.920e-08 9.013e-09 4.011e-08 7.833e-08 ( 0.05%)  
U437                    2.876e-08 3.359e-11 6.959e-08 9.838e-08 ( 0.06%)  
U436                    2.866e-08 3.347e-11 6.959e-08 9.828e-08 ( 0.06%)  
U530                    2.851e-08 8.803e-09 4.012e-08 7.743e-08 ( 0.05%)  
U439                    2.802e-08 3.272e-11 6.959e-08 9.763e-08 ( 0.06%)  
U438                    2.786e-08 3.253e-11 6.959e-08 9.747e-08 ( 0.06%)  
U515                    2.756e-08 8.507e-09 4.019e-08 7.626e-08 ( 0.04%)  
add_x_10_U8             2.739e-08 4.644e-09 7.336e-08 1.054e-07 ( 0.06%)  
U435                    2.706e-08 3.160e-11 6.959e-08 9.667e-08 ( 0.06%)  
U514                    2.652e-08 8.181e-09 4.009e-08 7.479e-08 ( 0.04%)  
U560                    2.466e-08 4.645e-09 3.441e-08 6.371e-08 ( 0.04%)  
U520                    2.426e-08 7.497e-09 4.012e-08 7.188e-08 ( 0.04%)  
add_x_8_U8              2.421e-08 5.016e-09 7.368e-08 1.029e-07 ( 0.06%)  
U516                    2.408e-08 7.425e-09 4.008e-08 7.158e-08 ( 0.04%)  
U434                    2.375e-08 2.773e-11 6.959e-08 9.336e-08 ( 0.05%)  
U424                    2.363e-08 9.042e-09 2.477e-08 5.744e-08 ( 0.03%)  
add_x_9_U8              2.358e-08 2.776e-09 7.565e-08 1.020e-07 ( 0.06%)  
U158                    2.193e-08 1.617e-07 8.436e-09 1.920e-07 ( 0.11%)  
U506                    2.154e-08 6.649e-09 4.003e-08 6.822e-08 ( 0.04%)  
U521                    2.083e-08 6.429e-09 4.023e-08 6.749e-08 ( 0.04%)  
U549                    1.992e-08 5.996e-09 3.999e-08 6.590e-08 ( 0.04%)  
U505                    1.988e-08 6.139e-09 4.006e-08 6.609e-08 ( 0.04%)  
U528                    1.913e-08 5.905e-09 4.001e-08 6.505e-08 ( 0.04%)  
U526                    1.912e-08 5.903e-09 4.001e-08 6.504e-08 ( 0.04%)  
U527                    1.904e-08 5.874e-09 4.001e-08 6.492e-08 ( 0.04%)  
U551                    1.847e-08 4.109e-09 4.007e-08 6.265e-08 ( 0.04%)  
U433                    1.830e-08 2.138e-11 6.959e-08 8.791e-08 ( 0.05%)  
U554                    1.815e-08 5.605e-09 4.014e-08 6.389e-08 ( 0.04%)  
U555                    1.815e-08 5.605e-09 4.013e-08 6.389e-08 ( 0.04%)  
U544                    1.808e-08 5.576e-09 4.042e-08 6.407e-08 ( 0.04%)  
U546                    1.808e-08 5.576e-09 4.041e-08 6.407e-08 ( 0.04%)  
U540                    1.806e-08 5.433e-09 4.012e-08 6.362e-08 ( 0.04%)  
U545                    1.795e-08 5.533e-09 4.042e-08 6.390e-08 ( 0.04%)  
U558                    1.794e-08 5.395e-09 4.020e-08 6.353e-08 ( 0.04%)  
U519                    1.787e-08 5.514e-09 4.012e-08 6.350e-08 ( 0.04%)  
U507                    1.766e-08 5.450e-09 4.022e-08 6.333e-08 ( 0.04%)  
U553                    1.764e-08 5.438e-09 4.014e-08 6.321e-08 ( 0.04%)  
U536                    1.760e-08 5.428e-09 4.013e-08 6.315e-08 ( 0.04%)  
U518                    1.747e-08 5.386e-09 4.012e-08 6.298e-08 ( 0.04%)  
U517                    1.743e-08 5.374e-09 4.012e-08 6.293e-08 ( 0.04%)  
U557                    1.730e-08 5.295e-09 4.020e-08 6.279e-08 ( 0.04%)  
U421                    1.720e-08 1.233e-08 6.959e-08 9.912e-08 ( 0.06%)  
U537                    1.720e-08 5.300e-09 4.013e-08 6.262e-08 ( 0.04%)  
U535                    1.701e-08 5.240e-09 4.013e-08 6.238e-08 ( 0.04%)  
add_x_10_U7             1.681e-08 2.631e-09 7.862e-08 9.806e-08 ( 0.06%)  
U511                    1.573e-08 4.849e-09 4.005e-08 6.062e-08 ( 0.04%)  
U561                    1.526e-08 5.930e-09 9.997e-09 3.118e-08 ( 0.02%)  
U497                    1.494e-08 4.613e-09 4.020e-08 5.976e-08 ( 0.03%)  
add_x_8_U7              1.471e-08 1.390e-09 7.748e-08 9.357e-08 ( 0.05%)  
U496                    1.425e-08 4.404e-09 4.010e-08 5.875e-08 ( 0.03%)  
U512                    1.390e-08 4.294e-09 4.005e-08 5.825e-08 ( 0.03%)  
U498                    1.294e-08 3.996e-09 4.026e-08 5.719e-08 ( 0.03%)  
U508                    1.238e-08 3.822e-09 4.004e-08 5.625e-08 ( 0.03%)  
U510                    1.236e-08 3.815e-09 4.004e-08 5.622e-08 ( 0.03%)  
U509                    1.219e-08 3.760e-09 4.004e-08 5.599e-08 ( 0.03%)  
U531                    1.188e-08 3.567e-09 4.007e-08 5.552e-08 ( 0.03%)  
add_x_9_U7              1.166e-08 1.814e-09 8.133e-08 9.481e-08 ( 0.06%)  
U432                    1.113e-08 1.299e-11 6.959e-08 8.073e-08 ( 0.05%)  
U502                    1.081e-08 3.341e-09 4.016e-08 5.431e-08 ( 0.03%)  
add_x_10_U6             1.045e-08 1.536e-09 8.157e-08 9.356e-08 ( 0.05%)  
U281                    9.835e-09 9.667e-09 3.453e-08 5.403e-08 ( 0.03%)  
U522                    9.722e-09 2.926e-09 4.016e-08 5.281e-08 ( 0.03%)  
U420                    9.684e-09 2.898e-09 6.959e-08 8.217e-08 ( 0.05%)  
U493                    9.509e-09 4.804e-09 8.442e-08 9.874e-08 ( 0.06%)  
U488                    9.386e-09 8.714e-09 4.416e-09 2.252e-08 ( 0.01%)  
U499                    8.677e-09 2.671e-09 4.016e-08 5.151e-08 ( 0.03%)  
U503                    8.665e-09 2.676e-09 4.015e-08 5.149e-08 ( 0.03%)  
U500                    8.603e-09 2.648e-09 4.016e-08 5.141e-08 ( 0.03%)  
U501                    8.587e-09 2.643e-09 4.016e-08 5.139e-08 ( 0.03%)  
U594                    8.248e-09 2.547e-09 4.038e-08 5.118e-08 ( 0.03%)  
U595                    8.041e-09 2.481e-09 3.980e-08 5.032e-08 ( 0.03%)  
U596                    7.600e-09 2.347e-09 4.010e-08 5.004e-08 ( 0.03%)  
U559                    7.164e-09 1.129e-09 1.742e-08 2.572e-08 ( 0.01%)  
U423                    6.877e-09 5.777e-09 2.592e-08 3.858e-08 ( 0.02%)  
U161                    6.264e-09 7.071e-10 2.377e-08 3.074e-08 ( 0.02%)  
U513                    5.776e-09 1.735e-09 4.051e-08 4.802e-08 ( 0.03%)  
U600                    5.716e-09 1.763e-09 4.047e-08 4.795e-08 ( 0.03%)  
U163                    5.704e-09 7.093e-09 3.108e-08 4.387e-08 ( 0.03%)  
U431                    5.496e-09 6.419e-12 6.959e-08 7.509e-08 ( 0.04%)  
U425                    5.383e-09 1.885e-09 6.286e-08 7.013e-08 ( 0.04%)  
U599                    5.310e-09 1.640e-09 4.047e-08 4.742e-08 ( 0.03%)  
U597                    5.259e-09 1.623e-09 4.047e-08 4.735e-08 ( 0.03%)  
U598                    4.859e-09 1.494e-09 4.047e-08 4.682e-08 ( 0.03%)  
U601                    4.726e-09 1.451e-09 3.985e-08 4.603e-08 ( 0.03%)  
add_x_9_U6              4.703e-09 1.281e-10 8.411e-08 8.894e-08 ( 0.05%)  
U504                    4.427e-09 1.330e-09 4.085e-08 4.660e-08 ( 0.03%)  
U588                    4.238e-09 1.308e-09 4.083e-08 4.637e-08 ( 0.03%)  
U590                    4.237e-09 1.308e-09 4.040e-08 4.594e-08 ( 0.03%)  
U586                    4.179e-09 1.296e-09 4.083e-08 4.630e-08 ( 0.03%)  
U283                    3.981e-09 7.950e-10 1.686e-08 2.164e-08 ( 0.01%)  
U593                    3.809e-09 1.177e-09 4.083e-08 4.581e-08 ( 0.03%)  
U591                    3.775e-09 1.165e-09 3.990e-08 4.484e-08 ( 0.03%)  
U587                    3.697e-09 1.141e-09 4.083e-08 4.566e-08 ( 0.03%)  
U165                    3.589e-09 5.084e-10 3.363e-08 3.772e-08 ( 0.02%)  
U602                    3.528e-09 1.060e-09 3.900e-08 4.359e-08 ( 0.03%)  
U582                    3.214e-09 9.913e-10 3.903e-08 4.323e-08 ( 0.03%)  
U430                    3.148e-09 3.677e-12 6.959e-08 7.274e-08 ( 0.04%)  
add_x_10_U5             3.137e-09 8.833e-12 8.472e-08 8.787e-08 ( 0.05%)  
U491                    3.117e-09 2.689e-09 4.416e-09 1.022e-08 ( 0.01%)  
U279                    3.039e-09 1.835e-09 2.034e-08 2.521e-08 ( 0.01%)  
U592                    2.971e-09 9.127e-10 4.046e-08 4.434e-08 ( 0.03%)  
U580                    2.874e-09 8.889e-10 3.902e-08 4.279e-08 ( 0.02%)  
U563                    2.846e-09 2.451e-09 4.416e-09 9.713e-09 ( 0.01%)  
U160                    2.785e-09 9.358e-10 6.959e-08 7.331e-08 ( 0.04%)  
U585                    2.776e-09 8.579e-10 4.019e-08 4.383e-08 ( 0.03%)  
U577                    2.498e-09 7.697e-10 4.175e-08 4.501e-08 ( 0.03%)  
U282                    2.462e-09 4.298e-09 8.436e-09 1.520e-08 ( 0.01%)  
U581                    2.346e-09 7.197e-10 3.902e-08 4.209e-08 ( 0.02%)  
U579                    2.339e-09 7.173e-10 3.902e-08 4.208e-08 ( 0.02%)  
U572                    2.239e-09 6.863e-10 4.008e-08 4.300e-08 ( 0.03%)  
U429                    2.188e-09 2.555e-12 6.959e-08 7.178e-08 ( 0.04%)  
U584                    2.092e-09 6.410e-10 4.135e-08 4.408e-08 ( 0.03%)  
U571                    1.640e-09 3.667e-10 3.875e-08 4.076e-08 ( 0.02%)  
U162                    1.625e-09 1.469e-09 4.416e-09 7.510e-09 ( 0.00%)  
U155                    1.583e-09 4.200e-09 4.416e-09 1.020e-08 ( 0.01%)  
U583                    1.559e-09 4.814e-10 4.113e-08 4.317e-08 ( 0.03%)  
U589                    1.527e-09 4.695e-10 3.916e-08 4.116e-08 ( 0.02%)  
U422                    1.460e-09 7.267e-10 4.521e-09 6.708e-09 ( 0.00%)  
U164                    7.891e-10 2.154e-09 4.416e-09 7.359e-09 ( 0.00%)  
U578                    6.338e-10 1.930e-10 3.835e-08 3.917e-08 ( 0.02%)  
U573                    5.765e-10 1.297e-10 4.193e-08 4.264e-08 ( 0.02%)  
U494                    3.296e-10 3.287e-10 4.416e-09 5.075e-09 ( 0.00%)  
U492                    3.158e-10 2.977e-10 4.416e-09 5.030e-09 ( 0.00%)  
add_x_10_U4             5.454e-11 8.833e-12 8.639e-08 8.645e-08 ( 0.05%)  
U426                    5.337e-11 6.232e-14 6.959e-08 6.964e-08 ( 0.04%)  
U427                    5.337e-11 6.232e-14 6.959e-08 6.964e-08 ( 0.04%)  
U428                    5.337e-11 6.232e-14 6.959e-08 6.964e-08 ( 0.04%)  
U166                    2.798e-11 2.366e-10 1.799e-08 1.825e-08 ( 0.01%)  
U167                    2.798e-11 2.366e-10 1.799e-08 1.825e-08 ( 0.01%)  
U168                    2.798e-11 2.366e-10 1.799e-08 1.825e-08 ( 0.01%)  
U159                    9.312e-12 1.126e-10 4.416e-09 4.538e-09 ( 0.00%)  
U566                    2.111e-12    0.0000 4.203e-08 4.203e-08 ( 0.02%)  
U569                    2.049e-12    0.0000 4.203e-08 4.203e-08 ( 0.02%)  
U568                    2.049e-12    0.0000 4.203e-08 4.203e-08 ( 0.02%)  
U567                    2.041e-12    0.0000 4.203e-08 4.203e-08 ( 0.02%)  
U574                    1.307e-12    0.0000 4.203e-08 4.203e-08 ( 0.02%)  
U575                    1.307e-12    0.0000 4.203e-08 4.203e-08 ( 0.02%)  
U565                    5.764e-13    0.0000 4.203e-08 4.203e-08 ( 0.02%)  
U570                    5.764e-13    0.0000 4.203e-08 4.203e-08 ( 0.02%)  
U576                    5.764e-13    0.0000 4.203e-08 4.203e-08 ( 0.02%)  
U169                       0.0000 6.232e-14 4.416e-09 4.416e-09 ( 0.00%)  
U171                       0.0000 6.232e-14 4.416e-09 4.416e-09 ( 0.00%)  
U173                       0.0000 6.232e-14 4.416e-09 4.416e-09 ( 0.00%)  
U175                       0.0000 6.232e-14 4.416e-09 4.416e-09 ( 0.00%)  
U177                       0.0000 6.232e-14 4.416e-09 4.416e-09 ( 0.00%)  
U179                       0.0000 6.232e-14 4.416e-09 4.416e-09 ( 0.00%)  
U181                       0.0000 6.232e-14 4.416e-09 4.416e-09 ( 0.00%)  
U183                       0.0000 6.232e-14 4.416e-09 4.416e-09 ( 0.00%)  
U185                       0.0000 6.232e-14 4.416e-09 4.416e-09 ( 0.00%)  
U187                       0.0000 6.232e-14 4.416e-09 4.416e-09 ( 0.00%)  
U189                       0.0000 6.232e-14 4.416e-09 4.416e-09 ( 0.00%)  
U191                       0.0000 3.116e-14 4.416e-09 4.416e-09 ( 0.00%)  
U193                       0.0000 3.116e-14 4.416e-09 4.416e-09 ( 0.00%)  
U195                       0.0000 3.116e-14 4.416e-09 4.416e-09 ( 0.00%)  
U197                       0.0000 3.116e-14 4.416e-09 4.416e-09 ( 0.00%)  
U199                       0.0000 3.116e-14 4.416e-09 4.416e-09 ( 0.00%)  
U201                       0.0000 3.116e-14 4.416e-09 4.416e-09 ( 0.00%)  
U203                       0.0000 3.116e-14 4.416e-09 4.416e-09 ( 0.00%)  
U205                       0.0000 3.116e-14 4.416e-09 4.416e-09 ( 0.00%)  
U207                       0.0000 3.116e-14 4.416e-09 4.416e-09 ( 0.00%)  
U209                       0.0000 3.116e-14 4.416e-09 4.416e-09 ( 0.00%)  
U211                       0.0000 3.116e-14 4.416e-09 4.416e-09 ( 0.00%)  
U213                       0.0000 3.116e-14 4.416e-09 4.416e-09 ( 0.00%)  
U215                       0.0000 3.116e-14 4.416e-09 4.416e-09 ( 0.00%)  
U217                       0.0000 3.116e-14 4.416e-09 4.416e-09 ( 0.00%)  
U219                       0.0000 3.116e-14 4.416e-09 4.416e-09 ( 0.00%)  
U221                       0.0000 3.116e-14 4.416e-09 4.416e-09 ( 0.00%)  
U223                       0.0000 3.116e-14 4.416e-09 4.416e-09 ( 0.00%)  
U225                       0.0000 3.116e-14 4.416e-09 4.416e-09 ( 0.00%)  
U227                       0.0000 3.116e-14 4.416e-09 4.416e-09 ( 0.00%)  
U229                       0.0000 3.116e-14 4.416e-09 4.416e-09 ( 0.00%)  
U231                       0.0000    0.0000 4.416e-09 4.416e-09 ( 0.00%)  
U233                       0.0000    0.0000 4.416e-09 4.416e-09 ( 0.00%)  
U235                       0.0000    0.0000 4.416e-09 4.416e-09 ( 0.00%)  
U237                       0.0000    0.0000 4.416e-09 4.416e-09 ( 0.00%)  
U239                       0.0000    0.0000 4.416e-09 4.416e-09 ( 0.00%)  
U241                       0.0000    0.0000 4.416e-09 4.416e-09 ( 0.00%)  
U243                       0.0000    0.0000 4.416e-09 4.416e-09 ( 0.00%)  
U245                       0.0000    0.0000 4.416e-09 4.416e-09 ( 0.00%)  
U247                       0.0000    0.0000 4.416e-09 4.416e-09 ( 0.00%)  
U249                       0.0000    0.0000 4.416e-09 4.416e-09 ( 0.00%)  
U251                       0.0000    0.0000 4.416e-09 4.416e-09 ( 0.00%)  
U253                       0.0000    0.0000 4.416e-09 4.416e-09 ( 0.00%)  
U255                       0.0000    0.0000 4.416e-09 4.416e-09 ( 0.00%)  
U257                       0.0000    0.0000 4.416e-09 4.416e-09 ( 0.00%)  
U259                       0.0000    0.0000 4.416e-09 4.416e-09 ( 0.00%)  
U261                       0.0000    0.0000 4.416e-09 4.416e-09 ( 0.00%)  
U263                       0.0000    0.0000 4.416e-09 4.416e-09 ( 0.00%)  
U265                       0.0000    0.0000 4.416e-09 4.416e-09 ( 0.00%)  
U267                       0.0000    0.0000 4.416e-09 4.416e-09 ( 0.00%)  
U269                       0.0000    0.0000 4.416e-09 4.416e-09 ( 0.00%)  
U271                       0.0000    0.0000 4.416e-09 4.416e-09 ( 0.00%)  
U273                       0.0000    0.0000 4.416e-09 4.416e-09 ( 0.00%)  
U275                       0.0000    0.0000 4.416e-09 4.416e-09 ( 0.00%)  
U277                       0.0000    0.0000 4.416e-09 4.416e-09 ( 0.00%)  
--------------------------------------------------------------------------------
Totals (402 cells)      9.460e-05 1.723e-05 5.969e-05 1.715e-04 (100.0%)
1
