****************************************
Report : Switching Activity
	-list_not_annotated
Design : conv
Version: V-2023.12-SP5-4
Date   : Mon May  4 12:23:27 2026
****************************************

 Switching Activity Overview Statistics for "conv"
------------------------------------------------------------------------------------------------------------------------------------------------------------------------------------------------------------------
                  From Activity     From         From         From             From            From                                                            Not           From Annotated
Object Type       File (%)          SSA (%)      SSA Force (%) SSA Force (%)   SCA (%)         Clock (%)       Default (%)     Propagated(%)   Implied(%)      Annotated(%)  Waveform(%)         Total
                                                 Annotated    Implied                                                                                                        
------------------------------------------------------------------------------------------------------------------------------------------------------------------------------------------------------------------
 Nets             269(21.83%)       0(0.00%)     0(0.00%)     0(0.00%)         0(0.00%)        0(0.00%)        127(10.31%)     820(66.56%)     16(1.30%)       0(0.00%)      0(0.00%)            1232
------------------------------------------------------------------------------------------------------------------------------------------------------------------------------------------------------------------
Nets Driven by
------------------------------------------------------------------------------------------------------------------------------------------------------------------------------------------------------------------
Primary Input     10(100.00%)       0(0.00%)     0(0.00%)     0(0.00%)         0(0.00%)        0(0.00%)        0(0.00%)        0(0.00%)        0(0.00%)        0(0.00%)      0(0.00%)            10
Tri-State         0(0%)             0(0%)        0(0%)        0(0%)            0(0%)           0(0%)           0(0%)           0(0%)           0(0%)           0(0%)         0(0%)               0
Black Box         0(0%)             0(0%)        0(0%)        0(0%)            0(0%)           0(0%)           0(0%)           0(0%)           0(0%)           0(0%)         0(0%)               0
Sequential        133(85.81%)       0(0.00%)     0(0.00%)     0(0.00%)         0(0.00%)        0(0.00%)        0(0.00%)        22(14.19%)      0(0.00%)        0(0.00%)      0(0.00%)            155
Combinational     126(11.81%)       0(0.00%)     0(0.00%)     0(0.00%)         0(0.00%)        0(0.00%)        127(11.90%)     798(74.79%)     16(1.50%)       0(0.00%)      0(0.00%)            1067
Memory            0(0%)             0(0%)        0(0%)        0(0%)            0(0%)           0(0%)           0(0%)           0(0%)           0(0%)           0(0%)         0(0%)               0
Clock Gate        0(0%)             0(0%)        0(0%)        0(0%)            0(0%)           0(0%)           0(0%)           0(0%)           0(0%)           0(0%)         0(0%)               0
------------------------------------------------------------------------------------------------------------------------------------------------------------------------------------------------------------------
 Static Probability Overview Statistics for "conv"
------------------------------------------------------------------------------------------------------------------------------------------------------------------------------------------------------------------
                  From Activity     From         From         From             From            From                                                            Not           From Annotated
Object Type       File (%)          SSA (%)      SSA Force (%) SSA Force (%)   SCA (%)         Clock (%)       Default (%)     Propagated(%)   Implied(%)      Annotated(%)  Waveform(%)         Total
                                                 Annotated    Implied                                                                                                        
------------------------------------------------------------------------------------------------------------------------------------------------------------------------------------------------------------------
 Nets             269(21.83%)       0(0.00%)     0(0.00%)     0(0.00%)         0(0.00%)        0(0.00%)        127(10.31%)     820(66.56%)     16(1.30%)       0(0.00%)      0(0.00%)            1232
------------------------------------------------------------------------------------------------------------------------------------------------------------------------------------------------------------------
Nets Driven by
------------------------------------------------------------------------------------------------------------------------------------------------------------------------------------------------------------------
Primary Input     10(100.00%)       0(0.00%)     0(0.00%)     0(0.00%)         0(0.00%)        0(0.00%)        0(0.00%)        0(0.00%)        0(0.00%)        0(0.00%)      0(0.00%)            10
Tri-State         0(0%)             0(0%)        0(0%)        0(0%)            0(0%)           0(0%)           0(0%)           0(0%)           0(0%)           0(0%)         0(0%)               0
Black Box         0(0%)             0(0%)        0(0%)        0(0%)            0(0%)           0(0%)           0(0%)           0(0%)           0(0%)           0(0%)         0(0%)               0
Sequential        133(85.81%)       0(0.00%)     0(0.00%)     0(0.00%)         0(0.00%)        0(0.00%)        0(0.00%)        22(14.19%)      0(0.00%)        0(0.00%)      0(0.00%)            155
Combinational     126(11.81%)       0(0.00%)     0(0.00%)     0(0.00%)         0(0.00%)        0(0.00%)        127(11.90%)     798(74.79%)     16(1.50%)       0(0.00%)      0(0.00%)            1067
Memory            0(0%)             0(0%)        0(0%)        0(0%)            0(0%)           0(0%)           0(0%)           0(0%)           0(0%)           0(0%)         0(0%)               0
Clock Gate        0(0%)             0(0%)        0(0%)        0(0%)            0(0%)           0(0%)           0(0%)           0(0%)           0(0%)           0(0%)         0(0%)               0
------------------------------------------------------------------------------------------------------------------------------------------------------------------------------------------------------------------


List of nonannotated nets :
	rem_5_u_div_DP_OP_11_123_3123/n2348
	rem_5_u_div_DP_OP_11_123_3123/n2567
	SYNOPSYS_UNCONNECTED_73
	rem_5_u_div_DP_OP_11_123_3123/n2778
	rem_5_u_div_DP_OP_11_123_3123/n2808
	rem_5_u_div_DP_OP_11_123_3123/n2516
	rem_5_u_div_DP_OP_11_123_3123/n2714
	rem_5_u_div_DP_OP_11_123_3123/n2296
	rem_5_u_div_DP_OP_11_123_3123/n2760
	N71
	rem_5_u_div_DP_OP_11_123_3123/n2793
	SYNOPSYS_UNCONNECTED_63
	N42
	rem_5_u_div_DP_OP_11_123_3123/n2645
	rem_5_u_div_DP_OP_11_123_3123/n2402
	rem_5_u_div_DP_OP_11_123_3123/n2691
	DP_OP_45_122_6965/I2[12]
	rem_5_u_div_DP_OP_11_123_3123/n2575
	rem_5_u_div_DP_OP_11_123_3123/n2712
	rem_5_u_div_DP_OP_11_123_3123/n2733
	N11
	rem_5_u_div_DP_OP_11_123_3123/n2355
	rem_5_u_div_DP_OP_11_123_3123/n2310
	rem_5_u_div_DP_OP_11_123_3123/n2559
	DP_OP_45_122_6965/n21
	rem_5_u_div_DP_OP_11_123_3123/n2610
	rem_5_u_div_DP_OP_11_123_3123/n2624
	N117
	rem_5_u_div_DP_OP_11_123_3123/n2422
	rem_5_u_div_DP_OP_11_123_3123/n2564
	rem_5_u_div_DP_OP_11_123_3123/I2[21]
	SYNOPSYS_UNCONNECTED_30
	rem_5_u_div_DP_OP_11_123_3123/n2715
	rem_5_u_div_DP_OP_11_123_3123/n2693
	SYNOPSYS_UNCONNECTED_68
	rem_5_u_div_DP_OP_11_123_3123/n2475
	rem_5_u_div_DP_OP_11_123_3123/n2648
	add_x_1/n8
	rem_5_u_div_DP_OP_11_123_3123/n2374
	DP_OP_45_122_6965/I2[14]
	rem_5_u_div_DP_OP_11_123_3123/n2625
	rem_5_u_div_DP_OP_11_123_3123/n2611
	add_x_8_n12
	n114
	n287
	rem_5_u_div_DP_OP_11_123_3123/n2779
	rem_5_u_div_DP_OP_11_123_3123/n2607
	SYNOPSYS_UNCONNECTED_15
	N158
	rem_5_u_div_DP_OP_11_123_3123/I2[5]
	rem_5_u_div_DP_OP_11_123_3123/n2742
	SYNOPSYS_UNCONNECTED_20
	rem_5_u_div_DP_OP_11_123_3123/n2662
	add_x_8_n8
	rem_5_u_div_DP_OP_11_123_3123/n2471
	add_x_1/n9
	rem_5_u_div_DP_OP_11_123_3123/n2687
	rem_5_u_div_DP_OP_11_123_3123/n2440
	rem_5_u_div_DP_OP_11_123_3123/n2401
	rem_5_u_div_DP_OP_11_123_3123/n2395
	rem_5_u_div_DP_OP_11_123_3123/I2[26]
	rem_5_u_div_DP_OP_11_123_3123/n2288
	rem_5_u_div_DP_OP_11_123_3123/n2574
	SYNOPSYS_UNCONNECTED_48
	rem_5_u_div_DP_OP_11_123_3123/n2608
	N92
	N64
	rem_5_u_div_DP_OP_11_123_3123/n2438
	rem_5_u_div_DP_OP_11_123_3123/n2700
	rem_5_u_div_DP_OP_11_123_3123/n2801
	N136
	add_x_1/n5
	rem_5_u_div_DP_OP_11_123_3123/n2388
	rem_5_u_div_DP_OP_11_123_3123/n2479
	N125
	rem_5_u_div_DP_OP_11_123_3123/n2481
	SYNOPSYS_UNCONNECTED_58
	n1hr_4_0_
	SYNOPSYS_UNCONNECTED_53
	add_x_10_n3
	rem_5_u_div_DP_OP_11_123_3123/I2[9]
	rem_5_u_div_DP_OP_11_123_3123/n2530
	rem_5_u_div_DP_OP_11_123_3123/n2706
	rem_5_u_div_DP_OP_11_123_3123/n2702
	DP_OP_45_122_6965/n19
	DP_OP_45_122_6965/n18
	rem_5_u_div_DP_OP_11_123_3123/n2682
	hr_3_0_
	rem_5_u_div_DP_OP_11_123_3123/n2435
	rem_5_u_div_DP_OP_11_123_3123/n2644
	N75
	rem_5_u_div_DP_OP_11_123_3123/n2426
	rem_5_u_div_DP_OP_11_123_3123/n2806
	rem_5_u_div_DP_OP_11_123_3123/n2352
	rem_5_u_div_DP_OP_11_123_3123/n2497
	rem_5_u_div_DP_OP_11_123_3123/n2570
	add_x_1/n55
	rem_5_u_div_DP_OP_11_123_3123/n2588
	rem_5_u_div_DP_OP_11_123_3123/n2312
	rem_5_u_div_DP_OP_11_123_3123/n2290
	rem_5_u_div_DP_OP_11_123_3123/n2512
	rem_5_u_div_DP_OP_11_123_3123/I2[18]
	rem_5_u_div_DP_OP_11_123_3123/n2332
	N128
	rem_5_u_div_DP_OP_11_123_3123/n2745
	rem_5_u_div_DP_OP_11_123_3123/n2344
	rem_5_u_div_DP_OP_11_123_3123/n2287
	rem_5_u_div_DP_OP_11_123_3123/n2447
	add_x_8_n7
	rem_5_u_div_DP_OP_11_123_3123/n2593
	rem_5_u_div_DP_OP_11_123_3123/n2560
	rem_5_u_div_DP_OP_11_123_3123/n2517
	rem_5_u_div_DP_OP_11_123_3123/n2620
	DP_OP_45_122_6965/I3[15]
	add_x_10_n7
	n1hr_9_0_
	rem_5_u_div_DP_OP_11_123_3123/n2818
	N1211
	rem_5_u_div_DP_OP_11_123_3123/n2654
	SYNOPSYS_UNCONNECTED_25
	rem_5_u_div_DP_OP_11_123_3123/n2726
	rem_5_u_div_DP_OP_11_123_3123/n2403
	rem_5_u_div_DP_OP_11_123_3123/n2633
	DP_OP_45_122_6965/n9
	rem_5_u_div_DP_OP_11_123_3123/n2672
	rem_5_u_div_DP_OP_11_123_3123/n2358
	N26
	SYNOPSYS_UNCONNECTED_2
	rem_5_u_div_DP_OP_11_123_3123/n2581
	rem_5_u_div_DP_OP_11_123_3123/n2317
	hr_6_0_
	rem_5_u_div_DP_OP_11_123_3123/n2493
	rem_5_u_div_DP_OP_11_123_3123/n2492
	SYNOPSYS_UNCONNECTED_28
	N20
	rem_5_u_div_DP_OP_11_123_3123/n2444
	rem_5_u_div_DP_OP_11_123_3123/n2371
	DP_OP_45_122_6965/n17
	n293
	rem_5_u_div_DP_OP_11_123_3123/n2586
	hr_8_0_
	SYNOPSYS_UNCONNECTED_76
	rem_5_u_div_DP_OP_11_123_3123/n2376
	rem_5_u_div_DP_OP_11_123_3123/n2641
	rem_5_u_div_DP_OP_11_123_3123/n2464
	rem_5_u_div_DP_OP_11_123_3123/n2548
	rem_5_u_div_DP_OP_11_123_3123/n2718
	N147
	SYNOPSYS_UNCONNECTED_50
	rem_5_u_div_DP_OP_11_123_3123/n2761
	rem_5_u_div_DP_OP_11_123_3123/n2505
	rem_5_u_div_DP_OP_11_123_3123/n2418
	rem_5_u_div_DP_OP_11_123_3123/I2[3]
	rem_5_u_div_DP_OP_11_123_3123/n2750
	rem_5_u_div_DP_OP_11_123_3123/I2[15]
	rem_5_u_div_DP_OP_11_123_3123/n2459
	rem_5_u_div_DP_OP_11_123_3123/n2292
	rem_5_u_div_DP_OP_11_123_3123/n2741
	rem_5_u_div_DP_OP_11_123_3123/n2429
	rem_5_u_div_DP_OP_11_123_3123/n2525
	gt_x_6_n7
	N45
	rem_5_u_div_DP_OP_11_123_3123/n2520
	rem_5_u_div_DP_OP_11_123_3123/n2412
	rem_5_u_div_DP_OP_11_123_3123/n2482
	N84
	rem_5_u_div_DP_OP_11_123_3123/n2350
	N51
	hr_1_0_
	rem_5_u_div_DP_OP_11_123_3123/n2331
	rem_5_u_div_DP_OP_11_123_3123/n2528
	rem_5_u_div_DP_OP_11_123_3123/n2507
	rem_5_u_div_DP_OP_11_123_3123/n2467
	rem_5_u_div_DP_OP_11_123_3123/n2832
	add_x_9_n6
	add_x_9_n13
	N38
	rem_5_u_div_DP_OP_11_123_3123/n2434
	rem_5_u_div_DP_OP_11_123_3123/n2496
	N6
	rem_5_u_div_DP_OP_11_123_3123/n2776
	SYNOPSYS_UNCONNECTED_35
	rem_5_u_div_DP_OP_11_123_3123/n2821
	n117
	rem_5_u_div_DP_OP_11_123_3123/n2449
	rem_5_u_div_DP_OP_11_123_3123/n2615
	rem_5_u_div_DP_OP_11_123_3123/n2392
	rem_5_u_div_DP_OP_11_123_3123/n2694
	N72
	N19
	N107
	rem_5_u_div_DP_OP_11_123_3123/n2591
	rem_5_u_div_DP_OP_11_123_3123/n2282
	N97
	rem_5_u_div_DP_OP_11_123_3123/n2289
	SYNOPSYS_UNCONNECTED_5
	rem_5_u_div_DP_OP_11_123_3123/I2[29]
	SYNOPSYS_UNCONNECTED_55
	rem_5_u_div_DP_OP_11_123_3123/n2825
	rem_5_u_div_DP_OP_11_123_3123/n2643
	rem_5_u_div_DP_OP_11_123_3123/n2320
	rem_5_u_div_DP_OP_11_123_3123/n2397
	rem_5_u_div_DP_OP_11_123_3123/n2351
	rem_5_u_div_DP_OP_11_123_3123/n2486
	n285
	n277
	rem_5_u_div_DP_OP_11_123_3123/n2616
	rem_5_u_div_DP_OP_11_123_3123/I2[28]
	rem_5_u_div_DP_OP_11_123_3123/n2514
	rem_5_u_div_DP_OP_11_123_3123/n2604
	rem_5_u_div_DP_OP_11_123_3123/n2666
	rem_5_u_div_DP_OP_11_123_3123/n2295
	n115
	N58
	rem_5_u_div_DP_OP_11_123_3123/n2428
	N43
	N115
	rem_5_u_div_DP_OP_11_123_3123/n2345
	n291
	N62
	rem_5_u_div_DP_OP_11_123_3123/n2384
	SYNOPSYS_UNCONNECTED_3
	rem_5_u_div_DP_OP_11_123_3123/n2794
	SYNOPSYS_UNCONNECTED_33
	rem_5_u_div_DP_OP_11_123_3123/n2861
	rem_5_u_div_DP_OP_11_123_3123/n2338
	rem_5_u_div_DP_OP_11_123_3123/n2738
	rem_5_u_div_DP_OP_11_123_3123/I2[11]
	rem_5_u_div_DP_OP_11_123_3123/n2800
	rem_5_u_div_DP_OP_11_123_3123/n2788
	rem_5_u_div_DP_OP_11_123_3123/n2655
	rem_5_u_div_DP_OP_11_123_3123/n2744
	add_x_10_n14
	rem_5_u_div_DP_OP_11_123_3123/n2798
	rem_5_u_div_DP_OP_11_123_3123/n2827
	N57
	rem_5_u_div_DP_OP_11_123_3123/n2394
	rem_5_u_div_DP_OP_11_123_3123/n2659
	N1210
	rem_5_u_div_DP_OP_11_123_3123/n2506
	rem_5_u_div_DP_OP_11_123_3123/n2592
	N99
	rem_5_u_div_DP_OP_11_123_3123/n2488
	N24
	rem_5_u_div_DP_OP_11_123_3123/n2389
	rem_5_u_div_DP_OP_11_123_3123/n2579
	rem_5_u_div_DP_OP_11_123_3123/n2817
	rem_5_u_div_DP_OP_11_123_3123/n2799
	N122
	rem_5_u_div_DP_OP_11_123_3123/n2835
	rem_5_u_div_DP_OP_11_123_3123/n2829
	rem_5_u_div_DP_OP_11_123_3123/n2689
	rem_5_u_div_DP_OP_11_123_3123/n2704
	N94
	rem_5_u_div_DP_OP_11_123_3123/n2650
	rem_5_u_div_DP_OP_11_123_3123/n2294
	rem_5_u_div_DP_OP_11_123_3123/n2857
	rem_5_u_div_DP_OP_11_123_3123/n2298
	N109
	hr_9_0_
	rem_5_u_div_DP_OP_11_123_3123/n2523
	add_x_10_n13
	rem_5_u_div_DP_OP_11_123_3123/n2804
	rem_5_u_div_DP_OP_11_123_3123/n2823
	rem_5_u_div_DP_OP_11_123_3123/n2373
	rem_5_u_div_DP_OP_11_123_3123/n2710
	add_x_1/n1
	N55
	rem_5_u_div_DP_OP_11_123_3123/n2782
	SYNOPSYS_UNCONNECTED_37
	N59
	rem_5_u_div_DP_OP_11_123_3123/n2632
	rem_5_u_div_DP_OP_11_123_3123/n2667
	rem_5_u_div_DP_OP_11_123_3123/I2[14]
	rem_5_u_div_DP_OP_11_123_3123/n2723
	rem_5_u_div_DP_OP_11_123_3123/n2443
	rem_5_u_div_DP_OP_11_123_3123/n2391
	SYNOPSYS_UNCONNECTED_56
	rem_5_u_div_DP_OP_11_123_3123/n2774
	rem_5_u_div_DP_OP_11_123_3123/n2569
	rem_5_u_div_DP_OP_11_123_3123/n2770
	rem_5_u_div_DP_OP_11_123_3123/n2474
	rem_5_u_div_DP_OP_11_123_3123/I3[2]
	rem_5_u_div_DP_OP_11_123_3123/n2405
	rem_5_u_div_DP_OP_11_123_3123/I2[16]
	SYNOPSYS_UNCONNECTED_27
	rem_5_u_div_DP_OP_11_123_3123/n2768
	rem_5_u_div_DP_OP_11_123_3123/n2777
	rem_5_u_div_DP_OP_11_123_3123/n2653
	rem_5_u_div_DP_OP_11_123_3123/n2303
	rem_5_u_div_DP_OP_11_123_3123/n2501
	rem_5_u_div_DP_OP_11_123_3123/n2454
	rem_5_u_div_DP_OP_11_123_3123/n2836
	SYNOPSYS_UNCONNECTED_22
	hr_0_0_
	rem_5_u_div_DP_OP_11_123_3123/n2480
	rem_5_u_div_DP_OP_11_123_3123/n2450
	rem_5_u_div_DP_OP_11_123_3123/n2810
	n1hr_6_0_
	rem_5_u_div_DP_OP_11_123_3123/n2452
	rem_5_u_div_DP_OP_11_123_3123/n2630
	rem_5_u_div_DP_OP_11_123_3123/n2529
	rem_5_u_div_DP_OP_11_123_3123/n2485
	rem_5_u_div_DP_OP_11_123_3123/n2383
	rem_5_u_div_DP_OP_11_123_3123/n2792
	SYNOPSYS_UNCONNECTED_42
	SYNOPSYS_UNCONNECTED_75
	rem_5_u_div_DP_OP_11_123_3123/n2711
	rem_5_u_div_DP_OP_11_123_3123/n2596
	DP_OP_45_122_6965/I2[9]
	N34
	N23
	rem_5_u_div_DP_OP_11_123_3123/n2698
	rem_5_u_div_DP_OP_11_123_3123/n2765
	add_x_10_n8
	rem_5_u_div_DP_OP_11_123_3123/n2420
	rem_5_u_div_DP_OP_11_123_3123/n2360
	SYNOPSYS_UNCONNECTED_70
	rem_5_u_div_DP_OP_11_123_3123/n2326
	N1110
	rem_5_u_div_DP_OP_11_123_3123/n2649
	rem_5_u_div_DP_OP_11_123_3123/n2754
	rem_5_u_div_DP_OP_11_123_3123/n2430
	rem_5_u_div_DP_OP_11_123_3123/n2677
	N169
	N139
	N1
	rem_5_u_div_DP_OP_11_123_3123/n2466
	rem_5_u_div_DP_OP_11_123_3123/n2424
	rem_5_u_div_DP_OP_11_123_3123/n2342
	rem_5_u_div_DP_OP_11_123_3123/I2[0]
	add_x_10_n15
	DP_OP_45_122_6965/I2[8]
	hr_10_0_
	add_x_9_n11
	n1hr_0_0_
	n284
	rem_5_u_div_DP_OP_11_123_3123/n2404
	DP_OP_45_122_6965/n16
	rem_5_u_div_DP_OP_11_123_3123/n2353
	add_x_9_n14
	rem_5_u_div_DP_OP_11_123_3123/n2838
	DP_OP_45_122_6965/n10
	rem_5_u_div_DP_OP_11_123_3123/n2812
	n279
	rem_5_u_div_DP_OP_11_123_3123/n2565
	n294
	N66
	rem_5_u_div_DP_OP_11_123_3123/n2544
	N81
	SYNOPSYS_UNCONNECTED_65
	rem_5_u_div_DP_OP_11_123_3123/n2747
	rem_5_u_div_DP_OP_11_123_3123/I2[32]
	rem_5_u_div_DP_OP_11_123_3123/n2460
	rem_5_u_div_DP_OP_11_123_3123/n2601
	rem_5_u_div_DP_OP_11_123_3123/n2703
	rem_5_u_div_DP_OP_11_123_3123/n2743
	rem_5_u_div_DP_OP_11_123_3123/n2367
	rem_5_u_div_DP_OP_11_123_3123/I2[22]
	rem_5_u_div_DP_OP_11_123_3123/n2362
	rem_5_u_div_DP_OP_11_123_3123/n2306
	rem_5_u_div_DP_OP_11_123_3123/n2341
	rem_5_u_div_DP_OP_11_123_3123/I2[4]
	rem_5_u_div_DP_OP_11_123_3123/n2503
	N88
	rem_5_u_div_DP_OP_11_123_3123/n2356
	rem_5_u_div_DP_OP_11_123_3123/n2720
	rem_5_u_div_DP_OP_11_123_3123/n2713
	rem_5_u_div_DP_OP_11_123_3123/n2322
	rem_5_u_div_DP_OP_11_123_3123/n2840
	rem_5_u_div_DP_OP_11_123_3123/n2286
	SYNOPSYS_UNCONNECTED_14
	rem_5_u_div_DP_OP_11_123_3123/n2431
	rem_5_u_div_DP_OP_11_123_3123/n2354
	SYNOPSYS_UNCONNECTED_64
	rem_5_u_div_DP_OP_11_123_3123/n2551
	rem_5_u_div_DP_OP_11_123_3123/n2795
	rem_5_u_div_DP_OP_11_123_3123/n2735
	N78
	rem_5_u_div_DP_OP_11_123_3123/n2651
	rem_5_u_div_DP_OP_11_123_3123/n2732
	rem_5_u_div_DP_OP_11_123_3123/n2753
	add_x_10_n11
	rem_5_u_div_DP_OP_11_123_3123/n2504
	rem_5_u_div_DP_OP_11_123_3123/n2566
	SYNOPSYS_UNCONNECTED_16
	DP_OP_45_122_6965/n11
	rem_5_u_div_DP_OP_11_123_3123/n2510
	rem_5_u_div_DP_OP_11_123_3123/n2847
	rem_5_u_div_DP_OP_11_123_3123/n2378
	rem_5_u_div_DP_OP_11_123_3123/n2413
	rem_5_u_div_DP_OP_11_123_3123/n2291
	rem_5_u_div_DP_OP_11_123_3123/n2757
	rem_5_u_div_DP_OP_11_123_3123/n2572
	rem_5_u_div_DP_OP_11_123_3123/n2558
	rem_5_u_div_DP_OP_11_123_3123/n2538
	N36
	n258
	N61
	rem_5_u_div_DP_OP_11_123_3123/n2442
	rem_5_u_div_DP_OP_11_123_3123/n2301
	SYNOPSYS_UNCONNECTED_47
	rem_5_u_div_DP_OP_11_123_3123/n2809
	N73
	rem_5_u_div_DP_OP_11_123_3123/n2305
	DP_OP_45_122_6965/n20
	SYNOPSYS_UNCONNECTED_62
	DP_OP_45_122_6965/I2[11]
	rem_5_u_div_DP_OP_11_123_3123/I2[12]
	rem_5_u_div_DP_OP_11_123_3123/n2766
	N86
	rem_5_u_div_DP_OP_11_123_3123/n2380
	rem_5_u_div_DP_OP_11_123_3123/n2680
	rem_5_u_div_DP_OP_11_123_3123/n2335
	rem_5_u_div_DP_OP_11_123_3123/n2407
	rem_5_u_div_DP_OP_11_123_3123/n2456
	rem_5_u_div_DP_OP_11_123_3123/n2696
	rem_5_u_div_DP_OP_11_123_3123/n2414
	N8
	rem_5_u_div_DP_OP_11_123_3123/n2626
	N123
	rem_5_u_div_DP_OP_11_123_3123/n2553
	rem_5_u_div_DP_OP_11_123_3123/n2759
	rem_5_u_div_DP_OP_11_123_3123/n2478
	SYNOPSYS_UNCONNECTED_17
	rem_5_u_div_DP_OP_11_123_3123/n2609
	rem_5_u_div_DP_OP_11_123_3123/n2524
	SYNOPSYS_UNCONNECTED_8
	rem_5_u_div_DP_OP_11_123_3123/n2330
	N82
	rem_5_u_div_DP_OP_11_123_3123/n2555
	n1hr_1_0_
	rem_5_u_div_DP_OP_11_123_3123/n2725
	rem_5_u_div_DP_OP_11_123_3123/n2685
	rem_5_u_div_DP_OP_11_123_3123/n2279
	N33
	rem_5_u_div_DP_OP_11_123_3123/n2347
	rem_5_u_div_DP_OP_11_123_3123/I2[6]
	rem_5_u_div_DP_OP_11_123_3123/n2499
	SYNOPSYS_UNCONNECTED_19
	rem_5_u_div_DP_OP_11_123_3123/n2309
	rem_5_u_div_DP_OP_11_123_3123/n2802
	SYNOPSYS_UNCONNECTED_36
	rem_5_u_div_DP_OP_11_123_3123/n2468
	rem_5_u_div_DP_OP_11_123_3123/n2769
	rem_5_u_div_DP_OP_11_123_3123/n2419
	rem_5_u_div_DP_OP_11_123_3123/n2728
	n1hr_3_0_
	rem_5_u_div_DP_OP_11_123_3123/I2[34]
	SYNOPSYS_UNCONNECTED_45
	N98
	rem_5_u_div_DP_OP_11_123_3123/n2627
	rem_5_u_div_DP_OP_11_123_3123/n2708
	rem_5_u_div_DP_OP_11_123_3123/n2764
	add_x_1/n3
	rem_5_u_div_DP_OP_11_123_3123/n2826
	rem_5_u_div_DP_OP_11_123_3123/n2547
	rem_5_u_div_DP_OP_11_123_3123/n2664
	N56
	rem_5_u_div_DP_OP_11_123_3123/n2842
	rem_5_u_div_DP_OP_11_123_3123/n2668
	n259
	DP_OP_45_122_6965/I2[13]
	rem_5_u_div_DP_OP_11_123_3123/n2697
	rem_5_u_div_DP_OP_11_123_3123/n2387
	rem_5_u_div_DP_OP_11_123_3123/n2494
	rem_5_u_div_DP_OP_11_123_3123/n2789
	rem_5_u_div_DP_OP_11_123_3123/n2531
	rem_5_u_div_DP_OP_11_123_3123/n2830
	rem_5_u_div_DP_OP_11_123_3123/n2783
	rem_5_u_div_DP_OP_11_123_3123/n2813
	rem_5_u_div_DP_OP_11_123_3123/n2585
	rem_5_u_div_DP_OP_11_123_3123/n2602
	rem_5_u_div_DP_OP_11_123_3123/n2385
	rem_5_u_div_DP_OP_11_123_3123/n2417
	rem_5_u_div_DP_OP_11_123_3123/n2314
	add_x_8_n13
	add_x_8_n6
	rem_5_u_div_DP_OP_11_123_3123/n2852
	rem_5_u_div_DP_OP_11_123_3123/n2675
	N103
	rem_5_u_div_DP_OP_11_123_3123/n2828
	rem_5_u_div_DP_OP_11_123_3123/n2663
	rem_5_u_div_DP_OP_11_123_3123/n2717
	n282
	N137
	rem_5_u_div_DP_OP_11_123_3123/n2729
	rem_5_u_div_DP_OP_11_123_3123/n2631
	rem_5_u_div_DP_OP_11_123_3123/n2824
	rem_5_u_div_DP_OP_11_123_3123/n2425
	add_x_1/n29
	N1111
	rem_5_u_div_DP_OP_11_123_3123/n2495
	SYNOPSYS_UNCONNECTED_39
	N35
	rem_5_u_div_DP_OP_11_123_3123/n2722
	rem_5_u_div_DP_OP_11_123_3123/n2411
	N96
	N25
	SYNOPSYS_UNCONNECTED_54
	rem_5_u_div_DP_OP_11_123_3123/n2684
	rem_5_u_div_DP_OP_11_123_3123/n2365
	rem_5_u_div_DP_OP_11_123_3123/n2532
	rem_5_u_div_DP_OP_11_123_3123/n2462
	DP_OP_45_122_6965/I3[12]
	rem_5_u_div_DP_OP_11_123_3123/n2321
	rem_5_u_div_DP_OP_11_123_3123/n2629
	hr_7_0_
	n292
	rem_5_u_div_DP_OP_11_123_3123/n2762
	add_x_1/n22
	rem_5_u_div_DP_OP_11_123_3123/n2740
	N12
	rem_5_u_div_DP_OP_11_123_3123/n2319
	rem_5_u_div_DP_OP_11_123_3123/n2863
	rem_5_u_div_DP_OP_11_123_3123/n2617
	rem_5_u_div_DP_OP_11_123_3123/n2671
	hr_2_0_
	N83
	rem_5_u_div_DP_OP_11_123_3123/n2856
	SYNOPSYS_UNCONNECTED_1
	rem_5_u_div_DP_OP_11_123_3123/n2705
	rem_5_u_div_DP_OP_11_123_3123/n2556
	rem_5_u_div_DP_OP_11_123_3123/n2527
	rem_5_u_div_DP_OP_11_123_3123/n2315
	rem_5_u_div_DP_OP_11_123_3123/n2678
	rem_5_u_div_DP_OP_11_123_3123/n2483
	SYNOPSYS_UNCONNECTED_49
	rem_5_u_div_DP_OP_11_123_3123/I3[0]
	rem_5_u_div_DP_OP_11_123_3123/n2839
	rem_5_u_div_DP_OP_11_123_3123/n2513
	rem_5_u_div_DP_OP_11_123_3123/n2489
	n116
	N68
	rem_5_u_div_DP_OP_11_123_3123/n2333
	rem_5_u_div_DP_OP_11_123_3123/n2393
	rem_5_u_div_DP_OP_11_123_3123/n2386
	rem_5_u_div_DP_OP_11_123_3123/n2819
	N32
	n283
	SYNOPSYS_UNCONNECTED_67
	rem_5_u_div_DP_OP_11_123_3123/n2746
	rem_5_u_div_DP_OP_11_123_3123/n2280
	N39
	rem_5_u_div_DP_OP_11_123_3123/n2453
	rem_5_u_div_DP_OP_11_123_3123/n2790
	rem_5_u_div_DP_OP_11_123_3123/n2749
	rem_5_u_div_DP_OP_11_123_3123/n2587
	rem_5_u_div_DP_OP_11_123_3123/n2284
	rem_5_u_div_DP_OP_11_123_3123/n2409
	rem_5_u_div_DP_OP_11_123_3123/n2590
	rem_5_u_div_DP_OP_11_123_3123/n2390
	rem_5_u_div_DP_OP_11_123_3123/n2546
	SYNOPSYS_UNCONNECTED_77
	rem_5_u_div_DP_OP_11_123_3123/n2775
	SYNOPSYS_UNCONNECTED_34
	rem_5_u_div_DP_OP_11_123_3123/n2518
	rem_5_u_div_DP_OP_11_123_3123/n2545
	N124
	rem_5_u_div_DP_OP_11_123_3123/n2652
	rem_5_u_div_DP_OP_11_123_3123/n2508
	add_x_9_n9
	rem_5_u_div_DP_OP_11_123_3123/n2692
	rem_5_u_div_DP_OP_11_123_3123/n2784
	rem_5_u_div_DP_OP_11_123_3123/n2855
	N53
	N7
	rem_5_u_div_DP_OP_11_123_3123/n2657
	N21
	N79
	rem_5_u_div_DP_OP_11_123_3123/n2690
	rem_5_u_div_DP_OP_11_123_3123/n2695
	rem_5_u_div_DP_OP_11_123_3123/n2597
	SYNOPSYS_UNCONNECTED_6
	N104
	rem_5_u_div_DP_OP_11_123_3123/n2833
	SYNOPSYS_UNCONNECTED_44
	rem_5_u_div_DP_OP_11_123_3123/n2379
	rem_5_u_div_DP_OP_11_123_3123/I2[30]
	rem_5_u_div_DP_OP_11_123_3123/I2[1]
	rem_5_u_div_DP_OP_11_123_3123/n2791
	rem_5_u_div_DP_OP_11_123_3123/n2461
	N69
	SYNOPSYS_UNCONNECTED_11
	rem_5_u_div_DP_OP_11_123_3123/n2688
	rem_5_u_div_DP_OP_11_123_3123/n2584
	SYNOPSYS_UNCONNECTED_72
	SYNOPSYS_UNCONNECTED_4
	rem_5_u_div_DP_OP_11_123_3123/n2772
	rem_5_u_div_DP_OP_11_123_3123/n2533
	N47
	N46
	rem_5_u_div_DP_OP_11_123_3123/n2458
	N31
	rem_5_u_div_DP_OP_11_123_3123/n2382
	N108
	rem_5_u_div_DP_OP_11_123_3123/n2721
	rem_5_u_div_DP_OP_11_123_3123/n2304
	rem_5_u_div_DP_OP_11_123_3123/n2599
	add_x_9_n12
	rem_5_u_div_DP_OP_11_123_3123/n2758
	rem_5_u_div_DP_OP_11_123_3123/n2635
	DP_OP_45_122_6965/I3[14]
	SYNOPSYS_UNCONNECTED_26
	rem_5_u_div_DP_OP_11_123_3123/n2313
	N89
	SYNOPSYS_UNCONNECTED_52
	rem_5_u_div_DP_OP_11_123_3123/n2416
	rem_5_u_div_DP_OP_11_123_3123/n2484
	add_x_9_n10
	n288
	rem_5_u_div_DP_OP_11_123_3123/n2661
	rem_5_u_div_DP_OP_11_123_3123/I2[2]
	rem_5_u_div_DP_OP_11_123_3123/n2377
	n1hr_10_0_
	rem_5_u_div_DP_OP_11_123_3123/n2756
	rem_5_u_div_DP_OP_11_123_3123/n2366
	rem_5_u_div_DP_OP_11_123_3123/n2865
	N10
	rem_5_u_div_DP_OP_11_123_3123/n2606
	rem_5_u_div_DP_OP_11_123_3123/I2[27]
	rem_5_u_div_DP_OP_11_123_3123/n2846
	rem_5_u_div_DP_OP_11_123_3123/I2[25]
	N49
	rem_5_u_div_DP_OP_11_123_3123/n2637
	rem_5_u_div_DP_OP_11_123_3123/I2[20]
	rem_5_u_div_DP_OP_11_123_3123/n2543
	add_x_1/n15
	SYNOPSYS_UNCONNECTED_74
	rem_5_u_div_DP_OP_11_123_3123/n2665
	rem_5_u_div_DP_OP_11_123_3123/n2785
	rem_5_u_div_DP_OP_11_123_3123/n2542
	DP_OP_45_122_6965/n8
	rem_5_u_div_DP_OP_11_123_3123/n2642
	add_x_9_n8
	rem_5_u_div_DP_OP_11_123_3123/n2623
	N18
	rem_5_u_div_DP_OP_11_123_3123/n2686
	rem_5_u_div_DP_OP_11_123_3123/n2803
	add_x_10_n6
	SYNOPSYS_UNCONNECTED_9
	rem_5_u_div_DP_OP_11_123_3123/n2522
	rem_5_u_div_DP_OP_11_123_3123/n2781
	rem_5_u_div_DP_OP_11_123_3123/n2727
	rem_5_u_div_DP_OP_11_123_3123/n2400
	rem_5_u_div_DP_OP_11_123_3123/n2583
	rem_5_u_div_DP_OP_11_123_3123/n2539
	add_x_9_n5
	rem_5_u_div_DP_OP_11_123_3123/n2658
	N102
	rem_5_u_div_DP_OP_11_123_3123/n2594
	rem_5_u_div_DP_OP_11_123_3123/n2398
	N119
	rem_5_u_div_DP_OP_11_123_3123/n2618
	rem_5_u_div_DP_OP_11_123_3123/n2734
	rem_5_u_div_DP_OP_11_123_3123/n2316
	n295
	rem_5_u_div_DP_OP_11_123_3123/n2576
	rem_5_u_div_DP_OP_11_123_3123/n2457
	N149
	rem_5_u_div_DP_OP_11_123_3123/n2707
	SYNOPSYS_UNCONNECTED_29
	add_x_8_n15
	rem_5_u_div_DP_OP_11_123_3123/I2[17]
	rem_5_u_div_DP_OP_11_123_3123/n2562
	rem_5_u_div_DP_OP_11_123_3123/n2346
	add_x_8_n14
	rem_5_u_div_DP_OP_11_123_3123/n2656
	rem_5_u_div_DP_OP_11_123_3123/n2681
	SYNOPSYS_UNCONNECTED_57
	add_x_1/n13
	rem_5_u_div_DP_OP_11_123_3123/n2361
	rem_5_u_div_DP_OP_11_123_3123/n2327
	n257
	rem_5_u_div_DP_OP_11_123_3123/n2731
	rem_5_u_div_DP_OP_11_123_3123/n2534
	rem_5_u_div_DP_OP_11_123_3123/n2786
	rem_5_u_div_DP_OP_11_123_3123/n2432
	rem_5_u_div_DP_OP_11_123_3123/n2477
	rem_5_u_div_DP_OP_11_123_3123/n2423
	rem_5_u_div_DP_OP_11_123_3123/n2854
	rem_5_u_div_DP_OP_11_123_3123/n2613
	rem_5_u_div_DP_OP_11_123_3123/n2509
	rem_5_u_div_DP_OP_11_123_3123/n2349
	add_x_9_n7
	N65
	N9
	rem_5_u_div_DP_OP_11_123_3123/n2816
	SYNOPSYS_UNCONNECTED_59
	rem_5_u_div_DP_OP_11_123_3123/n2521
	rem_5_u_div_DP_OP_11_123_3123/n2472
	rem_5_u_div_DP_OP_11_123_3123/n2719
	N91
	rem_5_u_div_DP_OP_11_123_3123/n2491
	n1hr_8_0_
	rem_5_u_div_DP_OP_11_123_3123/n2408
	N44
	N135
	rem_5_u_div_DP_OP_11_123_3123/n2767
	N85
	rem_5_u_div_DP_OP_11_123_3123/n2737
	SYNOPSYS_UNCONNECTED_24
	hr_4_0_
	rem_5_u_div_DP_OP_11_123_3123/n2634
	rem_5_u_div_DP_OP_11_123_3123/n2396
	SYNOPSYS_UNCONNECTED_31
	rem_5_u_div_DP_OP_11_123_3123/I2[19]
	rem_5_u_div_DP_OP_11_123_3123/n2796
	rem_5_u_div_DP_OP_11_123_3123/n2552
	SYNOPSYS_UNCONNECTED_61
	rem_5_u_div_DP_OP_11_123_3123/n2302
	DP_OP_45_122_6965/n12
	rem_5_u_div_DP_OP_11_123_3123/n2557
	N28
	rem_5_u_div_DP_OP_11_123_3123/n2511
	rem_5_u_div_DP_OP_11_123_3123/n2339
	rem_5_u_div_DP_OP_11_123_3123/n2724
	rem_5_u_div_DP_OP_11_123_3123/n2549
	rem_5_u_div_DP_OP_11_123_3123/n2436
	rem_5_u_div_DP_OP_11_123_3123/n2837
	rem_5_u_div_DP_OP_11_123_3123/n2679
	SYNOPSYS_UNCONNECTED_13
	N76
	add_x_10_n5
	rem_5_u_div_DP_OP_11_123_3123/n2709
	N1113
	rem_5_u_div_DP_OP_11_123_3123/n2536
	rem_5_u_div_DP_OP_11_123_3123/n2780
	N41
	rem_5_u_div_DP_OP_11_123_3123/n2357
	rem_5_u_div_DP_OP_11_123_3123/n2540
	rem_5_u_div_DP_OP_11_123_3123/n2421
	rem_5_u_div_DP_OP_11_123_3123/n2535
	rem_5_u_div_DP_OP_11_123_3123/n2526
	rem_5_u_div_DP_OP_11_123_3123/n2364
	N67
	N93
	rem_5_u_div_DP_OP_11_123_3123/I2[10]
	rem_5_u_div_DP_OP_11_123_3123/n2293
	rem_5_u_div_DP_OP_11_123_3123/I2[31]
	rem_5_u_div_DP_OP_11_123_3123/n2375
	rem_5_u_div_DP_OP_11_123_3123/n2858
	rem_5_u_div_DP_OP_11_123_3123/n2498
	add_x_8_n10
	N63
	N52
	DP_OP_45_122_6965/I3[13]
	rem_5_u_div_DP_OP_11_123_3123/n2563
	rem_5_u_div_DP_OP_11_123_3123/n2822
	rem_5_u_div_DP_OP_11_123_3123/n2815
	rem_5_u_div_DP_OP_11_123_3123/n2845
	rem_5_u_div_DP_OP_11_123_3123/n2368
	rem_5_u_div_DP_OP_11_123_3123/n2336
	rem_5_u_div_DP_OP_11_123_3123/n2568
	rem_5_u_div_DP_OP_11_123_3123/n2561
	SYNOPSYS_UNCONNECTED_7
	N48
	N37
	N105
	N77
	add_x_8_n9
	rem_5_u_div_DP_OP_11_123_3123/n2589
	rem_5_u_div_DP_OP_11_123_3123/n2820
	rem_5_u_div_DP_OP_11_123_3123/n2787
	rem_5_u_div_DP_OP_11_123_3123/n2343
	rem_5_u_div_DP_OP_11_123_3123/n2763
	n1hr_2_0_
	N101
	DP_OP_45_122_6965/n13
	rem_5_u_div_DP_OP_11_123_3123/n2490
	rem_5_u_div_DP_OP_11_123_3123/n2283
	SYNOPSYS_UNCONNECTED_46
	N5
	hr_5_0_
	SYNOPSYS_UNCONNECTED_41
	rem_5_u_div_DP_OP_11_123_3123/n2427
	DP_OP_45_122_6965/n7
	rem_5_u_div_DP_OP_11_123_3123/n2571
	SYNOPSYS_UNCONNECTED_60
	rem_5_u_div_DP_OP_11_123_3123/n2851
	rem_5_u_div_DP_OP_11_123_3123/n2337
	rem_5_u_div_DP_OP_11_123_3123/n2311
	N95
	rem_5_u_div_DP_OP_11_123_3123/n2603
	rem_5_u_div_DP_OP_11_123_3123/n2285
	rem_5_u_div_DP_OP_11_123_3123/n2831
	rem_5_u_div_DP_OP_11_123_3123/n2541
	rem_5_u_div_DP_OP_11_123_3123/n2605
	rem_5_u_div_DP_OP_11_123_3123/n2463
	N54
	rem_5_u_div_DP_OP_11_123_3123/n2278
	rem_5_u_div_DP_OP_11_123_3123/n2716
	rem_5_u_div_DP_OP_11_123_3123/n2771
	rem_5_u_div_DP_OP_11_123_3123/n2469
	DP_OP_45_122_6965/n14
	rem_5_u_div_DP_OP_11_123_3123/n2805
	rem_5_u_div_DP_OP_11_123_3123/n2849
	rem_5_u_div_DP_OP_11_123_3123/n2372
	rem_5_u_div_DP_OP_11_123_3123/n2515
	n278
	SYNOPSYS_UNCONNECTED_18
	rem_5_u_div_DP_OP_11_123_3123/n2439
	rem_5_u_div_DP_OP_11_123_3123/n2323
	rem_5_u_div_DP_OP_11_123_3123/n2399
	rem_5_u_div_DP_OP_11_123_3123/n2660
	rem_5_u_div_DP_OP_11_123_3123/n2614
	rem_5_u_div_DP_OP_11_123_3123/I2[23]
	N113
	rem_5_u_div_DP_OP_11_123_3123/n2773
	rem_5_u_div_DP_OP_11_123_3123/n2448
	rem_5_u_div_DP_OP_11_123_3123/n2487
	SYNOPSYS_UNCONNECTED_32
	rem_5_u_div_DP_OP_11_123_3123/n2621
	rem_5_u_div_DP_OP_11_123_3123/n2550
	rem_5_u_div_DP_OP_11_123_3123/n2554
	SYNOPSYS_UNCONNECTED_51
	rem_5_u_div_DP_OP_11_123_3123/I3[1]
	rem_5_u_div_DP_OP_11_123_3123/n2415
	n118
	rem_5_u_div_DP_OP_11_123_3123/n2307
	rem_5_u_div_DP_OP_11_123_3123/n2437
	rem_5_u_div_DP_OP_11_123_3123/n2669
	rem_5_u_div_DP_OP_11_123_3123/n2844
	rem_5_u_div_DP_OP_11_123_3123/n2328
	rem_5_u_div_DP_OP_11_123_3123/n2640
	rem_5_u_div_DP_OP_11_123_3123/n2628
	n286
	SYNOPSYS_UNCONNECTED_40
	rem_5_u_div_DP_OP_11_123_3123/n2281
	rem_5_u_div_DP_OP_11_123_3123/n2433
	n1hr_5_0_
	N87
	rem_5_u_div_DP_OP_11_123_3123/n2580
	rem_5_u_div_DP_OP_11_123_3123/I2[7]
	rem_5_u_div_DP_OP_11_123_3123/n2318
	rem_5_u_div_DP_OP_11_123_3123/n2612
	rem_5_u_div_DP_OP_11_123_3123/n2622
	n1hr_7_0_
	rem_5_u_div_DP_OP_11_123_3123/n2807
	rem_5_u_div_DP_OP_11_123_3123/n2730
	rem_5_u_div_DP_OP_11_123_3123/n2441
	SYNOPSYS_UNCONNECTED_38
	rem_5_u_div_DP_OP_11_123_3123/n2577
	n280
	N22
	rem_5_u_div_DP_OP_11_123_3123/n2797
	rem_5_u_div_DP_OP_11_123_3123/n2325
	rem_5_u_div_DP_OP_11_123_3123/n2308
	rem_5_u_div_DP_OP_11_123_3123/n2476
	rem_5_u_div_DP_OP_11_123_3123/n2500
	SYNOPSYS_UNCONNECTED_23
	n290
	rem_5_u_div_DP_OP_11_123_3123/n2850
	rem_5_u_div_DP_OP_11_123_3123/n2473
	DP_OP_45_122_6965/n6
	rem_5_u_div_DP_OP_11_123_3123/n2676
	rem_5_u_div_DP_OP_11_123_3123/n2406
	rem_5_u_div_DP_OP_11_123_3123/n2451
	rem_5_u_div_DP_OP_11_123_3123/n2673
	n281
	add_x_1/n18
	rem_5_u_div_DP_OP_11_123_3123/n2519
	DP_OP_45_122_6965/n22
	rem_5_u_div_DP_OP_11_123_3123/n2636
	rem_5_u_div_DP_OP_11_123_3123/n2455
	N133
	rem_5_u_div_DP_OP_11_123_3123/n2859
	rem_5_u_div_DP_OP_11_123_3123/n2683
	add_x_1/n25
	N74
	rem_5_u_div_DP_OP_11_123_3123/n2297
	rem_5_u_div_DP_OP_11_123_3123/n2595
	rem_5_u_div_DP_OP_11_123_3123/n2853
	SYNOPSYS_UNCONNECTED_21
	rem_5_u_div_DP_OP_11_123_3123/n2410
	rem_5_u_div_DP_OP_11_123_3123/n2841
	N134
	DP_OP_45_122_6965/n5
	rem_5_u_div_DP_OP_11_123_3123/n2752
	rem_5_u_div_DP_OP_11_123_3123/n2573
	add_x_1/n4
	rem_5_u_div_DP_OP_11_123_3123/n2647
	rem_5_u_div_DP_OP_11_123_3123/n2502
	rem_5_u_div_DP_OP_11_123_3123/n2299
	SYNOPSYS_UNCONNECTED_69
	N1112
	N148
	add_x_9_n15
	add_x_10_n12
	rem_5_u_div_DP_OP_11_123_3123/I2[33]
	DP_OP_45_122_6965/I2[15]
	rem_5_u_div_DP_OP_11_123_3123/I2[8]
	SYNOPSYS_UNCONNECTED_43
	rem_5_u_div_DP_OP_11_123_3123/n2814
	rem_5_u_div_DP_OP_11_123_3123/n2598
	rem_5_u_div_DP_OP_11_123_3123/I2[13]
	rem_5_u_div_DP_OP_11_123_3123/n2578
	rem_5_u_div_DP_OP_11_123_3123/n2619
	rem_5_u_div_DP_OP_11_123_3123/n2445
	add_x_8_n11
	add_x_10_n9
	rem_5_u_div_DP_OP_11_123_3123/n2470
	rem_5_u_div_DP_OP_11_123_3123/n2340
	rem_5_u_div_DP_OP_11_123_3123/n2370
	rem_5_u_div_DP_OP_11_123_3123/n2834
	SYNOPSYS_UNCONNECTED_10
	N106
	rem_5_u_div_DP_OP_11_123_3123/n2381
	rem_5_u_div_DP_OP_11_123_3123/n2300
	rem_5_u_div_DP_OP_11_123_3123/n2329
	rem_5_u_div_DP_OP_11_123_3123/n2674
	rem_5_u_div_DP_OP_11_123_3123/n2811
	rem_5_u_div_DP_OP_11_123_3123/n2638
	rem_5_u_div_DP_OP_11_123_3123/n2739
	rem_5_u_div_DP_OP_11_123_3123/n2755
	rem_5_u_div_DP_OP_11_123_3123/n2701
	rem_5_u_div_DP_OP_11_123_3123/n2848
	rem_5_u_div_DP_OP_11_123_3123/n2670
	N138
	add_x_10_n4
	SYNOPSYS_UNCONNECTED_71
	SYNOPSYS_UNCONNECTED_12
	rem_5_u_div_DP_OP_11_123_3123/n2334
	rem_5_u_div_DP_OP_11_123_3123/n2699
	N126
	rem_5_u_div_DP_OP_11_123_3123/n2446
	rem_5_u_div_DP_OP_11_123_3123/n2862
	add_x_1/n14
	rem_5_u_div_DP_OP_11_123_3123/n2537
	rem_5_u_div_DP_OP_11_123_3123/n2860
	rem_5_u_div_DP_OP_11_123_3123/n2843
	rem_5_u_div_DP_OP_11_123_3123/I2[24]
	rem_5_u_div_DP_OP_11_123_3123/n2600
	rem_5_u_div_DP_OP_11_123_3123/n2864
	rem_5_u_div_DP_OP_11_123_3123/n2582
	DP_OP_45_122_6965/I2[10]
	rem_5_u_div_DP_OP_11_123_3123/n2465
	N159
	SYNOPSYS_UNCONNECTED_66
	rem_5_u_div_DP_OP_11_123_3123/n2324
	add_x_10_n10
	rem_5_u_div_DP_OP_11_123_3123/n2748
	rem_5_u_div_DP_OP_11_123_3123/n2369
	rem_5_u_div_DP_OP_11_123_3123/n2359
	rem_5_u_div_DP_OP_11_123_3123/n2736
	rem_5_u_div_DP_OP_11_123_3123/n2639
	rem_5_u_div_DP_OP_11_123_3123/n2751

947 nets with no annotation
1
